UG to STEP
! INFO-     NX STEP AP242 - V11.0
! INFO-      
! INFO-     Start of Translation: 8-JUN-2018  12:37:38 AM
! INFO-      
! STATUS-   Converting Part: J:\SET-WTK-TEMP-ME0057\STUD-0006\sonai\main.prt
! STATUS-    
! STATUS-   Converting to Output Form (Phase 2 of 3): 8-JUN-2018 12:37:38 AM
! STATUS-    
! INFO-           Summary of STEP Entities 
! INFO-      
! INFO-     Entity Type                                                   Count 
! INFO-     -----------                                                   ------ 
! INFO-     advanced_brep_shape_representation .......................:   1 
! INFO-     advanced_face ............................................:   68 
! INFO-     application_context ......................................:   1 
! INFO-     application_protocol_definition ..........................:   1 
! INFO-     axis2_placement_3d .......................................:   179 
! INFO-     b_spline_curve_with_knots ................................:   2 
! INFO-     camera_model_d3 ..........................................:   8 
! INFO-     cartesian_point ..........................................:   417 
! INFO-     circle ...................................................:   90 
! INFO-     closed_shell .............................................:   1 
! INFO-     colour_rgb ...............................................:   3 
! INFO-     complex_triangulated_face ................................:   68 
! INFO-     coordinates_list .........................................:   1 
! INFO-     curve_style ..............................................:   32 
! INFO-     cylindrical_surface ......................................:   28 
! INFO-     degenerate_toroidal_surface ..............................:   2 
! INFO-     direction ................................................:   443 
! INFO-     draughting_model .........................................:   8 
! INFO-     draughting_pre_defined_curve_font ........................:   32 
! INFO-     edge_curve ...............................................:   165 
! INFO-     edge_loop ................................................:   79 
! INFO-     ellipse ..................................................:   4 
! INFO-     face_bound ...............................................:   79 
! INFO-     fill_area_style ..........................................:   70 
! INFO-     fill_area_style_colour ...................................:   70 
! INFO-     geometrically_bounded_wireframe_shape_representation .....:   1 
! INFO-     geometric_curve_set ......................................:   18 
! INFO-     geometric_representation_context_and_global_uncertainty_a :   1 
! INFO-     length_unit_and_si_unit ..................................:   1 
! INFO-     line .....................................................:   101 
! INFO-     manifold_solid_brep ......................................:   1 
! INFO-     mechanical_design_geometric_presentation_representation ..:   1 
! INFO-     oriented_edge ............................................:   330 
! INFO-     planar_box ...............................................:   8 
! INFO-     plane ....................................................:   22 
! INFO-     plane_angle_unit_and_si_unit .............................:   1 
! INFO-     presentation_style_assignment ............................:   102 
! INFO-     product ..................................................:   1 
! INFO-     product_category .........................................:   1 
! INFO-     product_context ..........................................:   1 
! INFO-     product_definition .......................................:   1 
! INFO-     product_definition_context ...............................:   1 
! INFO-     product_definition_formation_with_specified_source .......:   1 
! INFO-     product_definition_shape .................................:   1 
! INFO-     product_related_product_category .........................:   1 
! INFO-     shape_definition_representation ..........................:   1 
! INFO-     shape_representation .....................................:   1 
! INFO-     shape_representation_relationship ........................:   3 
! INFO-     si_unit_and_solid_angle_unit .............................:   1 
! INFO-     styled_item ..............................................:   102 
! INFO-     surface_side_style .......................................:   70 
! INFO-     surface_style_fill_area ..................................:   70 
! INFO-     surface_style_usage ......................................:   70 
! INFO-     tessellated_connecting_edge ..............................:   165 
! INFO-     tessellated_shape_representation .........................:   1 
! INFO-     tessellated_solid ........................................:   1 
! INFO-     toroidal_surface .........................................:   16 
! INFO-     trimmed_curve ............................................:   32 
! INFO-     uncertainty_measure_with_unit ............................:   1 
! INFO-     vector ...................................................:   101 
! INFO-     vertex_point .............................................:   102 
! INFO-     view_volume ..............................................:   8 
! INFO-                                                                  ------- 
! INFO-     Total                                                         3192 
! INFO-      
! INFO-     End of Translation: 8-JUN-2018  12:37:40 AM
! INFO-      
