IGES to UG
! INFO-     NX V11.0 / IGES Specification 5.3
! INFO-      
! INFO-     Start of Translation: 8-JUN-2018  12:26:39 AM
! INFO-      
! STATUS-   Converting Part: J:\SET-WTK-TEMP-ME0057\STUD-0006\sonai\main_iges.igs
! SUMMARY-   
! SUMMARY-  Summary of Supported IGES Entities in file
! SUMMARY-   
! SUMMARY-  Entity Type                    Count
! SUMMARY-  -----------                    -----
! SUMMARY-  Point (116/0)................:     7
! SUMMARY-  Line (110/0).................:   144
! SUMMARY-  Circular Arc (100/0).........:   172
! SUMMARY-  Conic Arc (104/0-3)..........:     8
! SUMMARY-  B-Spline Curve (126/0-4).....:   300
! SUMMARY-  Composite Curve (102/0)......:   126
! SUMMARY-  Plane (108/-1,0,1)...........:    32
! SUMMARY-  B-Spline Surface (128/0-9)...:    68
! SUMMARY-  Curve of Surface (142/0).....:    67
! SUMMARY-  Trimmed Surface (144/0)......:    58
! SUMMARY-  Trans Matrix (124/0,1,10,12).:    33
! SUMMARY-  View (410/0).................:     8
! SUMMARY-  Color Definition (314/0,1)...:     2
! SUMMARY-  Definition Levels (406/1)....:     5
! SUMMARY-  Level Function (406/3).......:     5
! SUMMARY-  Name (406/15)................:    47
! SUMMARY-                                 -----
! SUMMARY-  Total                           1082
! STATUS-    
! STATUS-   Converting to Output Form (Phase 2 of 3): 8-JUN-2018 12:26:39 AM
! STATUS-    
! STATUS-   Creating the UG part (Phase 3 of 3): 8-JUN-2018  12:26:39 AM
! INFO-     Filing Part ..: J:\SET-WTK-TEMP-ME0057\STUD-0006\sonai\main_iges_igs.prt
! SUMMARY-   
! SUMMARY-  Summary of Unigraphics Input Entities
! SUMMARY-   
! SUMMARY-  Entities Processed             Count
! SUMMARY-  ------------------             -----
! SUMMARY-  Point .......................:     7
! SUMMARY-  Line ........................:    22
! SUMMARY-  Arc/Circle ..................:    10
! SUMMARY-  Part Attribute ..............:     7
! SUMMARY-  Layer Category ..............:     5
! SUMMARY-  Matrix ......................:    10
! SUMMARY-  View ........................:     8
! SUMMARY-  Solid .......................:    68
! SUMMARY-                                 -----
! SUMMARY-  Total                            137
! INFO-      
! INFO-     End of Translation: 8-JUN-2018  12:26:42 AM
! INFO-      
